<?xml version="1.0" encoding="UTF-8"?>
<Site BuildName="(empty)"
	BuildStamp="20240415-0434-Experimental"
	Name="hmxroot-virtual-machine"
	Generator="ctest-3.16.3"
	CompilerName="/usr/bin/c++"
	CompilerVersion="9.4.0"
	OSName="Linux"
	Hostname="hmxroot-virtual-machine"
	OSRelease="5.15.0-102-generic"
	OSVersion="#112~20.04.1-Ubuntu SMP Thu Mar 14 14:28:24 UTC 2024"
	OSPlatform="x86_64"
	Is64Bits="1"
	VendorString="AuthenticAMD"
	VendorID="Advanced Micro Devices"
	FamilyID="25"
	ModelID="80"
	ProcessorCacheSize="512"
	NumberOfLogicalCPU="8"
	NumberOfPhysicalCPU="8"
	TotalVirtualMemory="15638"
	TotalPhysicalMemory="7902"
	LogicalProcessorsPerPhysical="1"
	ProcessorClockFrequency="3194"
	>
	<Testing>
		<StartDateTime>Apr 15 15:43 CST</StartDateTime>
		<StartTestTime>1713167009</StartTestTime>
		<TestList/>
		<EndDateTime>Apr 15 15:43 CST</EndDateTime>
		<EndTestTime>1713167009</EndTestTime>
		<ElapsedMinutes>0</ElapsedMinutes>
	</Testing>
</Site>
